<?xml version="1.0" encoding="UTF-8"?>
<testsuite name="Docker"
           tests="3"
           failures="0"
           errors="0"
           skipped="0"
           time="4.204">
    <properties></properties>



            <testcase
                name="docker_SignIn_Validation"
                time="0.095"
                classname="testScripts.DockerTesting">
            </testcase>
            <testcase
                name="navigateToDockerProPage"
                time="4.028"
                classname="testScripts.DockerTesting">
            </testcase>
            <testcase
                name="docker_logo_validation"
                time="0.081"
                classname="testScripts.DockerTesting">
            </testcase>
</testsuite>
